2026-07-20 06:13:25,516 | INFO | checkpoint | Checkpoint loaded successfully.
2026-07-20 06:13:25,958 | INFO | checkpoint | Checkpoint loaded successfully.
2026-07-20 06:13:28,201 | INFO | checkpoint | Checkpoint loaded successfully.
2026-07-20 06:13:28,589 | INFO | checkpoint | Checkpoint saved for Patient
Last Successful Run : 2026-07-20T06:13:28.201450+00:00
Incremental From    : 2026-07-20T06:13:28.201450+00:00
Last Page           : 1
Total Records       : 22
Status              : SUCCESS
2026-07-20 06:14:22,670 | INFO | checkpoint | Checkpoint loaded successfully.
2026-07-20 06:14:23,147 | INFO | checkpoint | Checkpoint loaded successfully.
2026-07-20 06:14:25,281 | INFO | checkpoint | Checkpoint loaded successfully.
2026-07-20 06:14:25,701 | INFO | checkpoint | Checkpoint saved for Patient
Last Successful Run : 2026-07-20T06:14:25.282013+00:00
Incremental From    : 2026-07-20T06:14:25.282013+00:00
Last Page           : 1
Total Records       : 0
Status              : SUCCESS
2026-07-20 06:16:02,493 | INFO | checkpoint | Checkpoint loaded successfully.
2026-07-20 06:16:02,853 | INFO | checkpoint | Checkpoint loaded successfully.
2026-07-20 06:16:04,609 | INFO | checkpoint | Checkpoint loaded successfully.
2026-07-20 06:16:05,024 | INFO | checkpoint | Checkpoint saved for Patient
Last Successful Run : 2026-07-20T06:16:04.609481+00:00
Incremental From    : 2026-07-20T06:16:04.609481+00:00
Last Page           : 1
Total Records       : 0
Status              : SUCCESS
2026-07-20 06:16:15,881 | INFO | checkpoint | Checkpoint loaded successfully.
2026-07-20 06:16:16,265 | INFO | checkpoint | Checkpoint loaded successfully.
2026-07-20 06:16:17,863 | INFO | checkpoint | Checkpoint loaded successfully.
2026-07-20 06:16:18,258 | INFO | checkpoint | Checkpoint saved for Encounter
Last Successful Run : 2026-07-20T06:16:17.863429+00:00
Incremental From    : 2026-07-20T06:16:17.863429+00:00
Last Page           : 1
Total Records       : 4
Status              : SUCCESS
2026-07-20 06:16:29,640 | INFO | checkpoint | Checkpoint loaded successfully.
2026-07-20 06:16:30,244 | INFO | checkpoint | Checkpoint loaded successfully.
2026-07-20 06:16:31,781 | INFO | checkpoint | Checkpoint loaded successfully.
2026-07-20 06:16:32,294 | INFO | checkpoint | Checkpoint saved for Observation
Last Successful Run : 2026-07-20T06:16:31.781456+00:00
Incremental From    : 2026-07-20T06:16:31.781456+00:00
Last Page           : 1
Total Records       : 104
Status              : SUCCESS
2026-07-20 06:16:56,723 | INFO | checkpoint | Checkpoint loaded successfully.
2026-07-20 06:16:57,105 | INFO | checkpoint | Checkpoint loaded successfully.
2026-07-20 06:16:58,604 | INFO | checkpoint | Checkpoint loaded successfully.
2026-07-20 06:16:58,992 | INFO | checkpoint | Checkpoint saved for Condition
Last Successful Run : 2026-07-20T06:16:58.604693+00:00
Incremental From    : 2026-07-20T06:16:58.604693+00:00
Last Page           : 1
Total Records       : 7
Status              : SUCCESS
