2026-07-18 12:44:57,190 | INFO | ExtractionPipeline | Starting extraction for Patient
2026-07-18 12:44:58,571 | INFO | ExtractionPipeline | Page=1 | Records=100 | Saved=data\raw\Patient\2026-07-18\page_00001.json
2026-07-18 12:44:59,856 | INFO | ExtractionPipeline | Page=2 | Records=100 | Saved=data\raw\Patient\2026-07-18\page_00002.json
2026-07-18 12:45:00,678 | INFO | ExtractionPipeline | Page=3 | Records=100 | Saved=data\raw\Patient\2026-07-18\page_00003.json
2026-07-18 12:45:00,678 | INFO | ExtractionPipeline | Reached development limit of 3 pages.
2026-07-18 12:45:00,679 | INFO | ExtractionPipeline | Patient extraction completed successfully.
2026-07-18 12:45:01,381 | INFO | ExtractionPipeline | Starting extraction for Encounter
2026-07-18 12:45:02,060 | INFO | ExtractionPipeline | Page=1 | Records=100 | Saved=data\raw\Encounter\2026-07-18\page_00001.json
2026-07-18 12:45:03,285 | INFO | ExtractionPipeline | Page=2 | Records=100 | Saved=data\raw\Encounter\2026-07-18\page_00002.json
2026-07-18 12:45:04,328 | INFO | ExtractionPipeline | Page=3 | Records=100 | Saved=data\raw\Encounter\2026-07-18\page_00003.json
2026-07-18 12:45:04,328 | INFO | ExtractionPipeline | Reached development limit of 3 pages.
2026-07-18 12:45:04,340 | INFO | ExtractionPipeline | Encounter extraction completed successfully.
2026-07-18 12:45:04,398 | INFO | ExtractionPipeline | Starting extraction for Observation
2026-07-18 12:45:05,230 | INFO | ExtractionPipeline | Page=1 | Records=100 | Saved=data\raw\Observation\2026-07-18\page_00001.json
2026-07-18 12:45:06,440 | INFO | ExtractionPipeline | Page=2 | Records=100 | Saved=data\raw\Observation\2026-07-18\page_00002.json
2026-07-18 12:45:08,760 | INFO | ExtractionPipeline | Page=3 | Records=100 | Saved=data\raw\Observation\2026-07-18\page_00003.json
2026-07-18 12:45:08,760 | INFO | ExtractionPipeline | Reached development limit of 3 pages.
2026-07-18 12:45:08,772 | INFO | ExtractionPipeline | Observation extraction completed successfully.
2026-07-18 12:45:08,829 | INFO | ExtractionPipeline | Starting extraction for Condition
2026-07-18 12:45:09,504 | INFO | ExtractionPipeline | Page=1 | Records=100 | Saved=data\raw\Condition\2026-07-18\page_00001.json
2026-07-18 12:45:11,091 | INFO | ExtractionPipeline | Page=2 | Records=100 | Saved=data\raw\Condition\2026-07-18\page_00002.json
2026-07-18 12:45:11,914 | INFO | ExtractionPipeline | Page=3 | Records=100 | Saved=data\raw\Condition\2026-07-18\page_00003.json
2026-07-18 12:45:11,914 | INFO | ExtractionPipeline | Reached development limit of 3 pages.
2026-07-18 12:45:11,927 | INFO | ExtractionPipeline | Condition extraction completed successfully.
